#
# There is insufficient memory for the Java Runtime Environment to continue.
# Native memory allocation (malloc) failed to allocate 1048576 bytes for AllocateHeap
# Possible reasons:
#   The system is out of physical RAM or swap space
#   In 32 bit mode, the process size limit was hit
# Possible solutions:
#   Reduce memory load on the system
#   Increase physical memory or swap space
#   Check if swap backing store is full
#   Use 64 bit Java on a 64 bit OS
#   Decrease Java heap size (-Xmx/-Xms)
#   Decrease number of Java threads
#   Decrease Java thread stack sizes (-Xss)
#   Set larger code cache with -XX:ReservedCodeCacheSize=
# This output file may be truncated or incomplete.
#
#  Out of Memory Error (memory/allocation.inline.hpp:61), pid=71808, tid=63752
#
# JRE version:  (8.0_77-b03) (build )
# Java VM: Java HotSpot(TM) 64-Bit Server VM (25.77-b03 mixed mode windows-amd64 compressed oops)
# Failed to write core dump. Minidumps are not enabled by default on client versions of Windows
#

---------------  T H R E A D  ---------------

Current thread (0x000000000252e800):  JavaThread "Unknown thread" [_thread_in_vm, id=63752, stack(0x0000000002530000,0x0000000002630000)]

Stack: [0x0000000002530000,0x0000000002630000]
[error occurred during error reporting (printing stack bounds), id 0xc0000005]

Native frames: (J=compiled Java code, j=interpreted, Vv=VM code, C=native code)


---------------  P R O C E S S  ---------------

Java Threads: ( => current thread )

Other Threads:

=>0x000000000252e800 (exited) JavaThread "Unknown thread" [_thread_in_vm, id=63752, stack(0x0000000002530000,0x0000000002630000)]

VM state:not at safepoint (normal execution)

VM Mutex/Monitor currently owned by a thread: None

Heap:
 PSYoungGen      total 112128K, used 1925K [0x0000000743100000, 0x000000074ae00000, 0x00000007c0000000)
  eden space 96256K, 2% used [0x0000000743100000,0x00000007432e1488,0x0000000748f00000)
  from space 15872K, 0% used [0x0000000749e80000,0x0000000749e80000,0x000000074ae00000)
  to   space 15872K, 0% used [0x0000000748f00000,0x0000000748f00000,0x0000000749e80000)
 ParOldGen       total 257024K, used 0K [0x0000000649200000, 0x0000000658d00000, 0x0000000743100000)
  object space 257024K, 0% used [0x0000000649200000,0x0000000649200000,0x0000000658d00000)
 Metaspace       used 769K, capacity 4480K, committed 4480K, reserved 1056768K
  class space    used 75K, capacity 384K, committed 384K, reserved 1048576K

Card table byte_map: [0x0000000011af0000,0x00000000126b0000] byte_map_base: 0x000000000e8a7000

Marking Bits: (ParMarkBitMap*) 0x0000000062ee0600
 Begin Bits: [0x0000000013b80000, 0x0000000019938000)
 End Bits:   [0x0000000019938000, 0x000000001f6f0000)

Polling page: 0x00000000005e0000

CodeCache: size=245760Kb used=327Kb max_used=327Kb free=245432Kb
 bounds [0x0000000002730000, 0x00000000029a0000, 0x0000000011730000]
 total_blobs=57 nmethods=0 adapters=38
 compilation: enabled

Compilation events (0 events):
No events

GC Heap History (0 events):
No events

Deoptimization events (0 events):
No events

Internal exceptions (0 events):
No events

Events (10 events):
Event: 0.022 loading class java/lang/Short
Event: 0.022 loading class java/lang/Short done
Event: 0.022 loading class java/lang/Integer
Event: 0.022 loading class java/lang/Integer done
Event: 0.022 loading class java/lang/Long
Event: 0.023 loading class java/lang/Long done
Event: 0.023 loading class java/lang/NullPointerException
Event: 0.023 loading class java/lang/NullPointerException done
Event: 0.023 loading class java/lang/ArithmeticException
Event: 0.023 loading class java/lang/ArithmeticException done


Dynamic libraries:
0x00007ff7aa9e0000 - 0x00007ff7aaa17000 	C:\Program Files\Java\jdk1.8.0_77\jre\bin\java.exe
0x00007ffadd7b0000 - 0x00007ffadd9a7000 	C:\Windows\SYSTEM32\ntdll.dll
0x00007ffaa8360000 - 0x00007ffaa8377000 	C:\Program Files\Avast Software\Avast\aswhook.dll
0x00007ffadbd00000 - 0x00007ffadbdbd000 	C:\Windows\System32\KERNEL32.DLL
0x00007ffadb130000 - 0x00007ffadb3fd000 	C:\Windows\System32\KERNELBASE.dll
0x00007ffadd000000 - 0x00007ffadd0ae000 	C:\Windows\System32\ADVAPI32.dll
0x00007ffadbc40000 - 0x00007ffadbcde000 	C:\Windows\System32\msvcrt.dll
0x00007ffadbba0000 - 0x00007ffadbc3c000 	C:\Windows\System32\sechost.dll
0x00007ffadc4a0000 - 0x00007ffadc5c5000 	C:\Windows\System32\RPCRT4.dll
0x00007ffadb940000 - 0x00007ffadbae0000 	C:\Windows\System32\USER32.dll
0x00007ffadb630000 - 0x00007ffadb652000 	C:\Windows\System32\win32u.dll
0x00007ffadbdc0000 - 0x00007ffadbdea000 	C:\Windows\System32\GDI32.dll
0x00007ffadb450000 - 0x00007ffadb55b000 	C:\Windows\System32\gdi32full.dll
0x00007ffadb560000 - 0x00007ffadb5fd000 	C:\Windows\System32\msvcp_win.dll
0x00007ffadaed0000 - 0x00007ffadafd0000 	C:\Windows\System32\ucrtbase.dll
0x00007ffac88f0000 - 0x00007ffac8b8a000 	C:\Windows\WinSxS\amd64_microsoft.windows.common-controls_6595b64144ccf1df_6.0.19041.1110_none_60b5254171f9507e\COMCTL32.dll
0x00007ffadc740000 - 0x00007ffadc770000 	C:\Windows\System32\IMM32.DLL
0x00000000635b0000 - 0x0000000063682000 	C:\Program Files\Java\jdk1.8.0_77\jre\bin\msvcr100.dll
0x00000000626d0000 - 0x0000000062f60000 	C:\Program Files\Java\jdk1.8.0_77\jre\bin\server\jvm.dll
0x00007ffadb810000 - 0x00007ffadb818000 	C:\Windows\System32\PSAPI.DLL
0x00007ffad2bd0000 - 0x00007ffad2bf7000 	C:\Windows\SYSTEM32\WINMM.dll
0x00007ffac7920000 - 0x00007ffac7929000 	C:\Windows\SYSTEM32\WSOCK32.dll
0x00007ffad44d0000 - 0x00007ffad44da000 	C:\Windows\SYSTEM32\VERSION.dll
0x00007ffadd190000 - 0x00007ffadd1fb000 	C:\Windows\System32\WS2_32.dll
0x00000000635a0000 - 0x00000000635af000 	C:\Program Files\Java\jdk1.8.0_77\jre\bin\verify.dll
0x0000000063570000 - 0x0000000063599000 	C:\Program Files\Java\jdk1.8.0_77\jre\bin\java.dll
0x0000000063550000 - 0x0000000063566000 	C:\Program Files\Java\jdk1.8.0_77\jre\bin\zip.dll

VM Arguments:
java_command: C:\Users\AMAZIN~1\AppData\Local\Temp\surefire310187580933139675\surefirebooter2573910472408674477.jar C:\Users\Amazing me\AppData\Local\Temp\surefire310187580933139675 2022-09-14T08-09-47_904-jvmRun1 surefire4760434200620968717tmp surefire_04575275768009962693tmp
java_class_path (initial): C:\Users\AMAZIN~1\AppData\Local\Temp\surefire310187580933139675\surefirebooter2573910472408674477.jar
Launcher Type: SUN_STANDARD

Environment Variables:
JAVA_HOME=C:\Program Files\Java\jdk1.8.0_77
JRE_HOME=C:\Users\Public\Cmder\jre1.8.0_77
USERNAME=Amazing me
OS=Windows_NT
PROCESSOR_IDENTIFIER=AMD64 Family 25 Model 80 Stepping 0, AuthenticAMD



---------------  S Y S T E M  ---------------

OS: Windows 10.0 , 64 bit Build 19041 (10.0.19041.1741)

CPU:total 16 (16 cores per cpu, 1 threads per core) family 25 model 80 stepping 0, cmov, cx8, fxsr, mmx, sse, sse2, sse3, ssse3, sse4.1, sse4.2, popcnt, avx, avx2, aes, clmul, erms, mmxext, 3dnowpref, lzcnt, sse4a, tsc, tscinvbit, tscinv, bmi1

Memory: 4k page, physical 24559924k(1168924k free), swap 38682576k(5352k free)

vm_info: Java HotSpot(TM) 64-Bit Server VM (25.77-b03) for windows-amd64 JRE (1.8.0_77-b03), built on Mar 20 2016 22:01:33 by "java_re" with MS VC++ 10.0 (VS2010)

time: Wed Sep 14 08:09:48 2022
elapsed time: 0 seconds (0d 0h 0m 0s)

